[2024-04-16T04:31:29.769+0000] {taskinstance.py:1165} INFO - Dependencies all met for <TaskInstance: first_dag.get_apod_data scheduled__2024-02-23T00:00:00+00:00 [queued]>
[2024-04-16T04:31:29.776+0000] {taskinstance.py:1165} INFO - Dependencies all met for <TaskInstance: first_dag.get_apod_data scheduled__2024-02-23T00:00:00+00:00 [queued]>
[2024-04-16T04:31:29.777+0000] {taskinstance.py:1362} INFO - 
--------------------------------------------------------------------------------
[2024-04-16T04:31:29.777+0000] {taskinstance.py:1363} INFO - Starting attempt 1 of 2
[2024-04-16T04:31:29.777+0000] {taskinstance.py:1364} INFO - 
--------------------------------------------------------------------------------
[2024-04-16T04:31:29.788+0000] {taskinstance.py:1383} INFO - Executing <Task(_PythonDecoratedOperator): get_apod_data> on 2024-02-23 00:00:00+00:00
[2024-04-16T04:31:29.792+0000] {standard_task_runner.py:55} INFO - Started process 1233 to run task
[2024-04-16T04:31:29.794+0000] {standard_task_runner.py:82} INFO - Running: ['***', 'tasks', 'run', 'first_dag', 'get_apod_data', 'scheduled__2024-02-23T00:00:00+00:00', '--job-id', '1214', '--raw', '--subdir', 'DAGS_FOLDER/FirstDag.py', '--cfg-path', '/tmp/tmp1jw8zlzf']
[2024-04-16T04:31:29.795+0000] {standard_task_runner.py:83} INFO - Job 1214: Subtask get_apod_data
[2024-04-16T04:31:29.842+0000] {task_command.py:376} INFO - Running <TaskInstance: first_dag.get_apod_data scheduled__2024-02-23T00:00:00+00:00 [running]> on host b0ce51d36eb8
[2024-04-16T04:31:29.907+0000] {taskinstance.py:1592} INFO - Exporting the following env vars:
AIRFLOW_CTX_DAG_OWNER=***
AIRFLOW_CTX_DAG_ID=first_dag
AIRFLOW_CTX_TASK_ID=get_apod_data
AIRFLOW_CTX_EXECUTION_DATE=2024-02-23T00:00:00+00:00
AIRFLOW_CTX_TRY_NUMBER=1
AIRFLOW_CTX_DAG_RUN_ID=scheduled__2024-02-23T00:00:00+00:00
[2024-04-16T04:31:30.141+0000] {logging_mixin.py:120} INFO - <Response [429]>
[2024-04-16T04:31:30.141+0000] {python.py:177} INFO - Done. Returned value was: {'error': {'code': 'OVER_RATE_LIMIT', 'message': 'You have exceeded your rate limit. Try again later or contact us at https://api.nasa.gov:443/contact/ for assistance'}}
[2024-04-16T04:31:30.162+0000] {taskinstance.py:1406} INFO - Marking task as SUCCESS. dag_id=first_dag, task_id=get_apod_data, execution_date=20240223T000000, start_date=20240416T043129, end_date=20240416T043130
[2024-04-16T04:31:30.207+0000] {local_task_job.py:164} INFO - Task exited with return code 0
[2024-04-16T04:31:30.246+0000] {local_task_job.py:273} INFO - 1 downstream tasks scheduled from follow-on schedule check
