[2024-04-16T04:26:21.270+0000] {taskinstance.py:1165} INFO - Dependencies all met for <TaskInstance: first_dag.get_apod_data scheduled__2024-02-09T00:00:00+00:00 [queued]>
[2024-04-16T04:26:21.276+0000] {taskinstance.py:1165} INFO - Dependencies all met for <TaskInstance: first_dag.get_apod_data scheduled__2024-02-09T00:00:00+00:00 [queued]>
[2024-04-16T04:26:21.276+0000] {taskinstance.py:1362} INFO - 
--------------------------------------------------------------------------------
[2024-04-16T04:26:21.276+0000] {taskinstance.py:1363} INFO - Starting attempt 1 of 2
[2024-04-16T04:26:21.276+0000] {taskinstance.py:1364} INFO - 
--------------------------------------------------------------------------------
[2024-04-16T04:26:21.289+0000] {taskinstance.py:1383} INFO - Executing <Task(_PythonDecoratedOperator): get_apod_data> on 2024-02-09 00:00:00+00:00
[2024-04-16T04:26:21.292+0000] {standard_task_runner.py:55} INFO - Started process 876 to run task
[2024-04-16T04:26:21.294+0000] {standard_task_runner.py:82} INFO - Running: ['***', 'tasks', 'run', 'first_dag', 'get_apod_data', 'scheduled__2024-02-09T00:00:00+00:00', '--job-id', '1162', '--raw', '--subdir', 'DAGS_FOLDER/FirstDag.py', '--cfg-path', '/tmp/tmpxaedr09w']
[2024-04-16T04:26:21.294+0000] {standard_task_runner.py:83} INFO - Job 1162: Subtask get_apod_data
[2024-04-16T04:26:21.336+0000] {task_command.py:376} INFO - Running <TaskInstance: first_dag.get_apod_data scheduled__2024-02-09T00:00:00+00:00 [running]> on host b0ce51d36eb8
[2024-04-16T04:26:21.388+0000] {taskinstance.py:1592} INFO - Exporting the following env vars:
AIRFLOW_CTX_DAG_OWNER=***
AIRFLOW_CTX_DAG_ID=first_dag
AIRFLOW_CTX_TASK_ID=get_apod_data
AIRFLOW_CTX_EXECUTION_DATE=2024-02-09T00:00:00+00:00
AIRFLOW_CTX_TRY_NUMBER=1
AIRFLOW_CTX_DAG_RUN_ID=scheduled__2024-02-09T00:00:00+00:00
[2024-04-16T04:26:21.627+0000] {logging_mixin.py:120} INFO - <Response [429]>
[2024-04-16T04:26:21.628+0000] {python.py:177} INFO - Done. Returned value was: {'error': {'code': 'OVER_RATE_LIMIT', 'message': 'You have exceeded your rate limit. Try again later or contact us at https://api.nasa.gov:443/contact/ for assistance'}}
[2024-04-16T04:26:21.648+0000] {taskinstance.py:1406} INFO - Marking task as SUCCESS. dag_id=first_dag, task_id=get_apod_data, execution_date=20240209T000000, start_date=20240416T042621, end_date=20240416T042621
[2024-04-16T04:26:21.746+0000] {local_task_job.py:164} INFO - Task exited with return code 0
[2024-04-16T04:26:21.780+0000] {local_task_job.py:273} INFO - 1 downstream tasks scheduled from follow-on schedule check
